<?xml version="1.0" encoding="UTF-8"?>
<!-- Generated by org.testng.reporters.JUnitReportReporter -->
<testsuite hostname="INLN34409070A" failures="0" tests="1" name="com.qa.test.loginTest" time="0.253" errors="0" timestamp="11 Mar 2021 04:30:09 GMT" skipped="0">
  <testcase classname="com.qa.test.loginTest" name="LoginPage" time="0.253"/>
</testsuite> <!-- com.qa.test.loginTest -->
